QuestaSim-64 vlog 2021.2_1 Compiler 2021.05 May 15 2021
Start time: 12:56:53 on Aug 20,2025
vlog -mfcu "+incdir+/home/shared_folder/questasim/uvm-1.2/src" /home/shared_folder/questasim/uvm-1.2/src/uvm.sv "+define+UVM_NO_DPI" "+define+UVM_OBJECT_MUST_HAVE_CONSTRUCTOR" "+UVM_NO_DEPRECATED" "+cover=bcesft" -suppress 2181 "+acc" -sv -f filelist.f 
-- Compiling package uvm_pkg
-- Compiling module COMP
-- Compiling module TCCR
-- Compiling module TCNT
-- Compiling module TCOR
-- Compiling module TCR
-- Compiling module TCSR
-- Compiling module Timer_register
-- Compiling module apb_master_byte_masking
-- Compiling module apb_register
-- Compiling module apb_slave_timer
-- Compiling module clk_sel_channel
-- Compiling module clock_select
-- Compiling module comparator
-- Compiling module control_logic
-- Compiling module high_level_detector
-- Compiling module low_level_detector
-- Compiling module mux_2_to_1
-- Compiling module negedge_detector
-- Compiling module param_d_ff
-- Compiling module param_mux
** Warning: ../RTL/param_mux.sv(6): (vlog-13314) Defaulting port 'in' kind to 'var' rather than 'wire' due to default compile option setting of -svinputport=relaxed.
-- Compiling module pos_det_mode16
-- Compiling module posedge_detector
-- Compiling module priority_encoder
-- Compiling module timer_top
-- Compiling module wait_state_shift_reg
-- Compiling interface apb_slave_if
-- Compiling interface apb_if
-- Compiling module testbench
-- Importing package uvm_pkg
-- Compiling package apb_pkg
-- Compiling package uvm_sv_unit
-- Importing package uvm_pkg
-- Importing package apb_pkg

Top level modules:
	apb_slave_timer
	testbench
End time: 12:56:54 on Aug 20,2025, Elapsed time: 0:00:01
Errors: 0, Warnings: 1
